running develop
running egg_info
creating cmoonvision.egg-info
writing cmoonvision.egg-info/PKG-INFO
writing dependency_links to cmoonvision.egg-info/dependency_links.txt
writing entry points to cmoonvision.egg-info/entry_points.txt
writing requirements to cmoonvision.egg-info/requires.txt
writing top-level names to cmoonvision.egg-info/top_level.txt
writing manifest file 'cmoonvision.egg-info/SOURCES.txt'
reading manifest file 'cmoonvision.egg-info/SOURCES.txt'
writing manifest file 'cmoonvision.egg-info/SOURCES.txt'
running build_ext
Creating /home/cmoon/cmoon_ws/install/cmoonvision/lib/python3.10/site-packages/cmoonvision.egg-link (link to .)
Installing vision script to /home/cmoon/cmoon_ws/install/cmoonvision/lib/cmoonvision

Installed /home/cmoon/cmoon_ws/build/cmoonvision
running install_data
creating /home/cmoon/cmoon_ws/install/cmoonvision/share/ament_index
creating /home/cmoon/cmoon_ws/install/cmoonvision/share/ament_index/resource_index
creating /home/cmoon/cmoon_ws/install/cmoonvision/share/ament_index/resource_index/packages
copying resource/cmoonvision -> /home/cmoon/cmoon_ws/install/cmoonvision/share/ament_index/resource_index/packages
copying package.xml -> /home/cmoon/cmoon_ws/install/cmoonvision/share/cmoonvision
