[0.473s] Invoking command in '/home/cmoon/cmoon_ws/build/cmoonvision': PYTHONPATH=/home/cmoon/cmoon_ws/install/cmoonvision/lib/python3.10/site-packages:${PYTHONPATH} /usr/bin/python3 setup.py develop --prefix /home/cmoon/cmoon_ws/install/cmoonvision --editable --build-directory /home/cmoon/cmoon_ws/build/cmoonvision/build --no-deps install_data --install-dir /home/cmoon/cmoon_ws/install/cmoonvision
[0.680s] running develop
[0.680s] /usr/lib/python3/dist-packages/setuptools/command/easy_install.py:158: EasyInstallDeprecationWarning: easy_install command is deprecated. Use build and pip and other standards-based tools.
[0.680s]   warnings.warn(
[0.681s] /usr/lib/python3/dist-packages/setuptools/command/install.py:34: SetuptoolsDeprecationWarning: setup.py install is deprecated. Use build and pip and other standards-based tools.
[0.681s]   warnings.warn(
[0.792s] running egg_info
[0.792s] creating cmoonvision.egg-info
[0.792s] writing cmoonvision.egg-info/PKG-INFO
[0.792s] writing dependency_links to cmoonvision.egg-info/dependency_links.txt
[0.792s] writing entry points to cmoonvision.egg-info/entry_points.txt
[0.793s] writing requirements to cmoonvision.egg-info/requires.txt
[0.793s] writing top-level names to cmoonvision.egg-info/top_level.txt
[0.793s] writing manifest file 'cmoonvision.egg-info/SOURCES.txt'
[0.794s] reading manifest file 'cmoonvision.egg-info/SOURCES.txt'
[0.794s] writing manifest file 'cmoonvision.egg-info/SOURCES.txt'
[0.795s] running build_ext
[0.796s] Creating /home/cmoon/cmoon_ws/install/cmoonvision/lib/python3.10/site-packages/cmoonvision.egg-link (link to .)
[0.796s] Installing vision script to /home/cmoon/cmoon_ws/install/cmoonvision/lib/cmoonvision
[0.796s] 
[0.797s] Installed /home/cmoon/cmoon_ws/build/cmoonvision
[0.797s] running install_data
[0.797s] creating /home/cmoon/cmoon_ws/install/cmoonvision/share/ament_index
[0.797s] creating /home/cmoon/cmoon_ws/install/cmoonvision/share/ament_index/resource_index
[0.797s] creating /home/cmoon/cmoon_ws/install/cmoonvision/share/ament_index/resource_index/packages
[0.797s] copying resource/cmoonvision -> /home/cmoon/cmoon_ws/install/cmoonvision/share/ament_index/resource_index/packages
[0.797s] copying package.xml -> /home/cmoon/cmoon_ws/install/cmoonvision/share/cmoonvision
[0.816s] Invoked command in '/home/cmoon/cmoon_ws/build/cmoonvision' returned '0': PYTHONPATH=/home/cmoon/cmoon_ws/install/cmoonvision/lib/python3.10/site-packages:${PYTHONPATH} /usr/bin/python3 setup.py develop --prefix /home/cmoon/cmoon_ws/install/cmoonvision --editable --build-directory /home/cmoon/cmoon_ws/build/cmoonvision/build --no-deps install_data --install-dir /home/cmoon/cmoon_ws/install/cmoonvision
