[0.538s] Invoking command in '/home/cmoon/CmoonRos2/cmoon_ws/build/controller': CONDA_PROMPT_MODIFIER=(base) PYTHONPATH=/home/cmoon/CmoonRos2/cmoon_ws/build/controller/prefix_override:/home/cmoon/CmoonRos2/cmoon_ws/install/controller/lib/python3.10/site-packages:${PYTHONPATH} /usr/bin/python3 -W ignore:setup.py install is deprecated setup.py develop --editable --build-directory /home/cmoon/CmoonRos2/cmoon_ws/build/controller/build --no-deps symlink_data
[0.750s] running develop
[0.751s] /usr/lib/python3/dist-packages/setuptools/command/easy_install.py:158: EasyInstallDeprecationWarning: easy_install command is deprecated. Use build and pip and other standards-based tools.
[0.751s]   warnings.warn(
[0.878s] running egg_info
[0.879s] creating controller.egg-info
[0.879s] writing controller.egg-info/PKG-INFO
[0.879s] writing dependency_links to controller.egg-info/dependency_links.txt
[0.879s] writing entry points to controller.egg-info/entry_points.txt
[0.879s] writing requirements to controller.egg-info/requires.txt
[0.879s] writing top-level names to controller.egg-info/top_level.txt
[0.879s] writing manifest file 'controller.egg-info/SOURCES.txt'
[0.880s] reading manifest file 'controller.egg-info/SOURCES.txt'
[0.881s] writing manifest file 'controller.egg-info/SOURCES.txt'
[0.881s] running build_ext
[0.882s] Creating /home/cmoon/CmoonRos2/cmoon_ws/install/controller/lib/python3.10/site-packages/controller.egg-link (link to .)
[0.882s] 
[0.882s] Installed /home/cmoon/CmoonRos2/cmoon_ws/build/controller
[0.882s] running symlink_data
[0.882s] creating /home/cmoon/CmoonRos2/cmoon_ws/install/controller/share/ament_index
[0.882s] creating /home/cmoon/CmoonRos2/cmoon_ws/install/controller/share/ament_index/resource_index
[0.883s] creating /home/cmoon/CmoonRos2/cmoon_ws/install/controller/share/ament_index/resource_index/packages
[0.883s] symbolically linking /home/cmoon/CmoonRos2/cmoon_ws/build/controller/resource/controller -> /home/cmoon/CmoonRos2/cmoon_ws/install/controller/share/ament_index/resource_index/packages
[0.883s] symbolically linking /home/cmoon/CmoonRos2/cmoon_ws/build/controller/package.xml -> /home/cmoon/CmoonRos2/cmoon_ws/install/controller/share/controller
[0.902s] Invoked command in '/home/cmoon/CmoonRos2/cmoon_ws/build/controller' returned '0': CONDA_PROMPT_MODIFIER=(base) PYTHONPATH=/home/cmoon/CmoonRos2/cmoon_ws/build/controller/prefix_override:/home/cmoon/CmoonRos2/cmoon_ws/install/controller/lib/python3.10/site-packages:${PYTHONPATH} /usr/bin/python3 -W ignore:setup.py install is deprecated setup.py develop --editable --build-directory /home/cmoon/CmoonRos2/cmoon_ws/build/controller/build --no-deps symlink_data
