[0.244s] DEBUG:colcon:Command line arguments: ['/usr/bin/colcon', 'build', '--symlink-install']
[0.245s] DEBUG:colcon:Parsed command line arguments: Namespace(log_base=None, log_level=None, verb_name='build', build_base='build', install_base='install', merge_install=False, symlink_install=True, test_result_base=None, continue_on_error=False, executor='parallel', parallel_workers=16, event_handlers=None, ignore_user_meta=False, metas=['./colcon.meta'], base_paths=['.'], packages_ignore=None, packages_ignore_regex=None, paths=None, packages_up_to=None, packages_up_to_regex=None, packages_above=None, packages_above_and_dependencies=None, packages_above_depth=None, packages_select_by_dep=None, packages_skip_by_dep=None, packages_skip_up_to=None, packages_select_build_failed=False, packages_skip_build_finished=False, packages_select_test_failures=False, packages_skip_test_passed=False, packages_select=None, packages_skip=None, packages_select_regex=None, packages_skip_regex=None, packages_start=None, packages_end=None, cmake_args=None, cmake_target=None, cmake_target_skip_unavailable=False, cmake_clean_cache=False, cmake_clean_first=False, cmake_force_configure=False, ament_cmake_args=None, catkin_cmake_args=None, catkin_skip_building_tests=False, mixin_files=None, mixin=None, verb_parser=<colcon_mixin.mixin.mixin_argument.MixinArgumentDecorator object at 0x7fbf768b1e40>, verb_extension=<colcon_core.verb.build.BuildVerb object at 0x7fbf77238400>, main=<bound method BuildVerb.main of <colcon_core.verb.build.BuildVerb object at 0x7fbf77238400>>, mixin_verb=('build',))
[0.265s] Level 1:colcon.colcon_core.package_discovery:discover_packages(colcon_meta) check parameters
[0.265s] INFO:colcon.colcon_metadata.package_discovery.colcon_meta:Using configuration from '/root/.colcon/metadata/default/Gazebo.meta'
[0.266s] INFO:colcon.colcon_metadata.package_discovery.colcon_meta:Using configuration from '/root/.colcon/metadata/default/fastrtps.meta'
[0.266s] Level 1:colcon.colcon_core.package_discovery:discover_packages(recursive) check parameters
[0.266s] Level 1:colcon.colcon_core.package_discovery:discover_packages(ignore) check parameters
[0.266s] Level 1:colcon.colcon_core.package_discovery:discover_packages(path) check parameters
[0.266s] Level 1:colcon.colcon_core.package_discovery:discover_packages(colcon_meta) discover
[0.266s] Level 1:colcon.colcon_core.package_discovery:discover_packages(recursive) discover
[0.266s] INFO:colcon.colcon_core.package_discovery:Crawling recursively for packages in '/home/cmoon/cmoon_ws'
[0.266s] Level 1:colcon.colcon_core.package_identification:_identify(.) by extensions ['ignore', 'ignore_ament_install']
[0.266s] Level 1:colcon.colcon_core.package_identification:_identify(.) by extension 'ignore'
[0.266s] Level 1:colcon.colcon_core.package_identification:_identify(.) by extension 'ignore_ament_install'
[0.266s] Level 1:colcon.colcon_core.package_identification:_identify(.) by extensions ['colcon_pkg']
[0.267s] Level 1:colcon.colcon_core.package_identification:_identify(.) by extension 'colcon_pkg'
[0.267s] Level 1:colcon.colcon_core.package_identification:_identify(.) by extensions ['colcon_meta']
[0.267s] Level 1:colcon.colcon_core.package_identification:_identify(.) by extension 'colcon_meta'
[0.267s] Level 1:colcon.colcon_core.package_identification:_identify(.) by extensions ['ros']
[0.267s] Level 1:colcon.colcon_core.package_identification:_identify(.) by extension 'ros'
[0.277s] Level 1:colcon.colcon_core.package_identification:_identify(.) by extensions ['cmake', 'python']
[0.277s] Level 1:colcon.colcon_core.package_identification:_identify(.) by extension 'cmake'
[0.277s] Level 1:colcon.colcon_core.package_identification:_identify(.) by extension 'python'
[0.277s] Level 1:colcon.colcon_core.package_identification:_identify(.) by extensions ['python_setup_py']
[0.277s] Level 1:colcon.colcon_core.package_identification:_identify(.) by extension 'python_setup_py'
[0.277s] Level 1:colcon.colcon_core.package_identification:_identify(build) by extensions ['ignore', 'ignore_ament_install']
[0.277s] Level 1:colcon.colcon_core.package_identification:_identify(build) by extension 'ignore'
[0.277s] Level 1:colcon.colcon_core.package_identification:_identify(build) ignored
[0.278s] Level 1:colcon.colcon_core.package_identification:_identify(install) by extensions ['ignore', 'ignore_ament_install']
[0.278s] Level 1:colcon.colcon_core.package_identification:_identify(install) by extension 'ignore'
[0.278s] Level 1:colcon.colcon_core.package_identification:_identify(install) ignored
[0.278s] Level 1:colcon.colcon_core.package_identification:_identify(log) by extensions ['ignore', 'ignore_ament_install']
[0.278s] Level 1:colcon.colcon_core.package_identification:_identify(log) by extension 'ignore'
[0.278s] Level 1:colcon.colcon_core.package_identification:_identify(log) ignored
[0.278s] Level 1:colcon.colcon_core.package_identification:_identify(src) by extensions ['ignore', 'ignore_ament_install']
[0.278s] Level 1:colcon.colcon_core.package_identification:_identify(src) by extension 'ignore'
[0.278s] Level 1:colcon.colcon_core.package_identification:_identify(src) by extension 'ignore_ament_install'
[0.278s] Level 1:colcon.colcon_core.package_identification:_identify(src) by extensions ['colcon_pkg']
[0.278s] Level 1:colcon.colcon_core.package_identification:_identify(src) by extension 'colcon_pkg'
[0.278s] Level 1:colcon.colcon_core.package_identification:_identify(src) by extensions ['colcon_meta']
[0.278s] Level 1:colcon.colcon_core.package_identification:_identify(src) by extension 'colcon_meta'
[0.278s] Level 1:colcon.colcon_core.package_identification:_identify(src) by extensions ['ros']
[0.278s] Level 1:colcon.colcon_core.package_identification:_identify(src) by extension 'ros'
[0.278s] Level 1:colcon.colcon_core.package_identification:_identify(src) by extensions ['cmake', 'python']
[0.279s] Level 1:colcon.colcon_core.package_identification:_identify(src) by extension 'cmake'
[0.279s] Level 1:colcon.colcon_core.package_identification:_identify(src) by extension 'python'
[0.279s] Level 1:colcon.colcon_core.package_identification:_identify(src) by extensions ['python_setup_py']
[0.279s] Level 1:colcon.colcon_core.package_identification:_identify(src) by extension 'python_setup_py'
[0.279s] Level 1:colcon.colcon_core.package_identification:_identify(src/cmoonvision) by extensions ['ignore', 'ignore_ament_install']
[0.279s] Level 1:colcon.colcon_core.package_identification:_identify(src/cmoonvision) by extension 'ignore'
[0.279s] Level 1:colcon.colcon_core.package_identification:_identify(src/cmoonvision) by extension 'ignore_ament_install'
[0.279s] Level 1:colcon.colcon_core.package_identification:_identify(src/cmoonvision) by extensions ['colcon_pkg']
[0.279s] Level 1:colcon.colcon_core.package_identification:_identify(src/cmoonvision) by extension 'colcon_pkg'
[0.279s] Level 1:colcon.colcon_core.package_identification:_identify(src/cmoonvision) by extensions ['colcon_meta']
[0.279s] Level 1:colcon.colcon_core.package_identification:_identify(src/cmoonvision) by extension 'colcon_meta'
[0.279s] Level 1:colcon.colcon_core.package_identification:_identify(src/cmoonvision) by extensions ['ros']
[0.279s] Level 1:colcon.colcon_core.package_identification:_identify(src/cmoonvision) by extension 'ros'
[0.281s] DEBUG:colcon.colcon_core.package_identification:Package 'src/cmoonvision' with type 'ros.ament_python' and name 'cmoonvision'
[0.281s] Level 1:colcon.colcon_core.package_discovery:discover_packages(recursive) using defaults
[0.281s] Level 1:colcon.colcon_core.package_discovery:discover_packages(ignore) discover
[0.281s] Level 1:colcon.colcon_core.package_discovery:discover_packages(ignore) using defaults
[0.281s] Level 1:colcon.colcon_core.package_discovery:discover_packages(path) discover
[0.281s] Level 1:colcon.colcon_core.package_discovery:discover_packages(path) using defaults
[0.301s] Level 5:colcon.colcon_core.verb:set package 'cmoonvision' build argument 'cmake_args' from command line to 'None'
[0.301s] Level 5:colcon.colcon_core.verb:set package 'cmoonvision' build argument 'cmake_target' from command line to 'None'
[0.301s] Level 5:colcon.colcon_core.verb:set package 'cmoonvision' build argument 'cmake_target_skip_unavailable' from command line to 'False'
[0.301s] Level 5:colcon.colcon_core.verb:set package 'cmoonvision' build argument 'cmake_clean_cache' from command line to 'False'
[0.301s] Level 5:colcon.colcon_core.verb:set package 'cmoonvision' build argument 'cmake_clean_first' from command line to 'False'
[0.302s] Level 5:colcon.colcon_core.verb:set package 'cmoonvision' build argument 'cmake_force_configure' from command line to 'False'
[0.302s] Level 5:colcon.colcon_core.verb:set package 'cmoonvision' build argument 'ament_cmake_args' from command line to 'None'
[0.302s] Level 5:colcon.colcon_core.verb:set package 'cmoonvision' build argument 'catkin_cmake_args' from command line to 'None'
[0.302s] Level 5:colcon.colcon_core.verb:set package 'cmoonvision' build argument 'catkin_skip_building_tests' from command line to 'False'
[0.302s] DEBUG:colcon.colcon_core.verb:Building package 'cmoonvision' with the following arguments: {'ament_cmake_args': None, 'build_base': '/home/cmoon/cmoon_ws/build/cmoonvision', 'catkin_cmake_args': None, 'catkin_skip_building_tests': False, 'cmake_args': None, 'cmake_clean_cache': False, 'cmake_clean_first': False, 'cmake_force_configure': False, 'cmake_target': None, 'cmake_target_skip_unavailable': False, 'install_base': '/home/cmoon/cmoon_ws/install/cmoonvision', 'merge_install': False, 'path': '/home/cmoon/cmoon_ws/src/cmoonvision', 'symlink_install': True, 'test_result_base': None}
[0.302s] INFO:colcon.colcon_core.executor:Executing jobs using 'parallel' executor
[0.311s] DEBUG:colcon.colcon_parallel_executor.executor.parallel:run_until_complete
[0.311s] INFO:colcon.colcon_ros.task.ament_python.build:Building ROS package in '/home/cmoon/cmoon_ws/src/cmoonvision' with build type 'ament_python'
[0.311s] Level 1:colcon.colcon_core.shell:create_environment_hook('cmoonvision', 'ament_prefix_path')
[0.314s] INFO:colcon.colcon_core.plugin_system:Skipping extension 'colcon_core.shell.bat': Not used on non-Windows systems
[0.314s] INFO:colcon.colcon_core.shell:Creating environment hook '/home/cmoon/cmoon_ws/install/cmoonvision/share/cmoonvision/hook/ament_prefix_path.ps1'
[0.315s] INFO:colcon.colcon_core.shell:Creating environment descriptor '/home/cmoon/cmoon_ws/install/cmoonvision/share/cmoonvision/hook/ament_prefix_path.dsv'
[0.315s] INFO:colcon.colcon_core.shell:Creating environment hook '/home/cmoon/cmoon_ws/install/cmoonvision/share/cmoonvision/hook/ament_prefix_path.sh'
[0.316s] INFO:colcon.colcon_core.shell:Skip shell extension 'powershell' for command environment: Not usable outside of PowerShell
[0.316s] DEBUG:colcon.colcon_core.shell:Skip shell extension 'dsv' for command environment
[0.317s] WARNING:colcon.colcon_core.prefix_path.colcon:The path '/home/cmoon/cmoon_ws/src/install' in the environment variable COLCON_PREFIX_PATH doesn't exist
[0.317s] WARNING:colcon.colcon_ros.prefix_path.ament:The path '/home/cmoon/cmoon_ws/src/install/cmoonvision' in the environment variable AMENT_PREFIX_PATH doesn't exist
[0.524s] INFO:colcon.colcon_core.task.python.build:Building Python package in '/home/cmoon/cmoon_ws/src/cmoonvision'
[0.525s] INFO:colcon.colcon_core.shell:Skip shell extension 'powershell' for command environment: Not usable outside of PowerShell
[0.525s] DEBUG:colcon.colcon_core.shell:Skip shell extension 'dsv' for command environment
[0.786s] DEBUG:colcon.colcon_core.event_handler.log_command:Invoking command in '/home/cmoon/cmoon_ws/build/cmoonvision': PYTHONPATH=/home/cmoon/cmoon_ws/install/cmoonvision/lib/python3.10/site-packages:${PYTHONPATH} /usr/bin/python3 setup.py develop --prefix /home/cmoon/cmoon_ws/install/cmoonvision --editable --build-directory /home/cmoon/cmoon_ws/build/cmoonvision/build --no-deps install_data --install-dir /home/cmoon/cmoon_ws/install/cmoonvision
[1.127s] Level 1:colcon.colcon_core.shell:create_environment_hook('cmoonvision', 'pythonpath_develop')
[1.128s] INFO:colcon.colcon_core.shell:Creating environment hook '/home/cmoon/cmoon_ws/build/cmoonvision/share/cmoonvision/hook/pythonpath_develop.ps1'
[1.129s] DEBUG:colcon.colcon_core.event_handler.log_command:Invoked command in '/home/cmoon/cmoon_ws/build/cmoonvision' returned '0': PYTHONPATH=/home/cmoon/cmoon_ws/install/cmoonvision/lib/python3.10/site-packages:${PYTHONPATH} /usr/bin/python3 setup.py develop --prefix /home/cmoon/cmoon_ws/install/cmoonvision --editable --build-directory /home/cmoon/cmoon_ws/build/cmoonvision/build --no-deps install_data --install-dir /home/cmoon/cmoon_ws/install/cmoonvision
[1.129s] INFO:colcon.colcon_core.shell:Creating environment descriptor '/home/cmoon/cmoon_ws/build/cmoonvision/share/cmoonvision/hook/pythonpath_develop.dsv'
[1.129s] INFO:colcon.colcon_core.shell:Creating environment hook '/home/cmoon/cmoon_ws/build/cmoonvision/share/cmoonvision/hook/pythonpath_develop.sh'
[1.133s] Level 1:colcon.colcon_core.environment:checking '/home/cmoon/cmoon_ws/install/cmoonvision' for CMake module files
[1.133s] Level 1:colcon.colcon_core.environment:checking '/home/cmoon/cmoon_ws/install/cmoonvision' for CMake config files
[1.133s] Level 1:colcon.colcon_core.environment:checking '/home/cmoon/cmoon_ws/install/cmoonvision/lib'
[1.134s] Level 1:colcon.colcon_core.environment:checking '/home/cmoon/cmoon_ws/install/cmoonvision/bin'
[1.134s] Level 1:colcon.colcon_core.environment:checking '/home/cmoon/cmoon_ws/install/cmoonvision/lib/pkgconfig/cmoonvision.pc'
[1.134s] Level 1:colcon.colcon_core.environment:checking '/home/cmoon/cmoon_ws/install/cmoonvision/lib/python3.10/site-packages'
[1.134s] Level 1:colcon.colcon_core.shell:create_environment_hook('cmoonvision', 'pythonpath')
[1.134s] INFO:colcon.colcon_core.shell:Creating environment hook '/home/cmoon/cmoon_ws/install/cmoonvision/share/cmoonvision/hook/pythonpath.ps1'
[1.135s] INFO:colcon.colcon_core.shell:Creating environment descriptor '/home/cmoon/cmoon_ws/install/cmoonvision/share/cmoonvision/hook/pythonpath.dsv'
[1.135s] INFO:colcon.colcon_core.shell:Creating environment hook '/home/cmoon/cmoon_ws/install/cmoonvision/share/cmoonvision/hook/pythonpath.sh'
[1.135s] Level 1:colcon.colcon_core.environment:checking '/home/cmoon/cmoon_ws/install/cmoonvision/bin'
[1.135s] Level 1:colcon.colcon_core.environment:create_environment_scripts_only(cmoonvision)
[1.136s] INFO:colcon.colcon_core.shell:Creating package script '/home/cmoon/cmoon_ws/install/cmoonvision/share/cmoonvision/package.ps1'
[1.137s] INFO:colcon.colcon_core.shell:Creating package descriptor '/home/cmoon/cmoon_ws/install/cmoonvision/share/cmoonvision/package.dsv'
[1.137s] INFO:colcon.colcon_core.shell:Creating package script '/home/cmoon/cmoon_ws/install/cmoonvision/share/cmoonvision/package.sh'
[1.138s] INFO:colcon.colcon_core.shell:Creating package script '/home/cmoon/cmoon_ws/install/cmoonvision/share/cmoonvision/package.bash'
[1.139s] INFO:colcon.colcon_core.shell:Creating package script '/home/cmoon/cmoon_ws/install/cmoonvision/share/cmoonvision/package.zsh'
[1.139s] Level 1:colcon.colcon_core.environment:create_file_with_runtime_dependencies(/home/cmoon/cmoon_ws/install/cmoonvision/share/colcon-core/packages/cmoonvision)
[1.139s] DEBUG:colcon.colcon_parallel_executor.executor.parallel:closing loop
[1.139s] DEBUG:colcon.colcon_parallel_executor.executor.parallel:loop closed
[1.140s] DEBUG:colcon.colcon_parallel_executor.executor.parallel:run_until_complete finished with '0'
[1.140s] DEBUG:colcon.colcon_core.event_reactor:joining thread
[1.145s] INFO:colcon.colcon_core.plugin_system:Skipping extension 'colcon_notification.desktop_notification.notify_send': Could not find 'notify-send'
[1.146s] INFO:colcon.colcon_core.plugin_system:Skipping extension 'colcon_notification.desktop_notification.terminal_notifier': Not used on non-Darwin systems
[1.146s] INFO:colcon.colcon_core.plugin_system:Skipping extension 'colcon_notification.desktop_notification.win32': Not used on non-Windows systems
[1.146s] INFO:colcon.colcon_notification.desktop_notification:Sending desktop notification using 'notify2'
[1.148s] DEBUG:colcon.colcon_notification.desktop_notification.notify2:Failed to initialize notify2: org.freedesktop.DBus.Error.Spawn.ExecFailed: /usr/bin/dbus-launch terminated abnormally without any error message
[1.148s] DEBUG:colcon.colcon_core.event_reactor:joined thread
[1.149s] INFO:colcon.colcon_core.shell:Creating prefix script '/home/cmoon/cmoon_ws/install/local_setup.ps1'
[1.150s] INFO:colcon.colcon_core.shell:Creating prefix util module '/home/cmoon/cmoon_ws/install/_local_setup_util_ps1.py'
[1.152s] INFO:colcon.colcon_core.shell:Creating prefix chain script '/home/cmoon/cmoon_ws/install/setup.ps1'
[1.153s] INFO:colcon.colcon_core.shell:Creating prefix script '/home/cmoon/cmoon_ws/install/local_setup.sh'
[1.154s] INFO:colcon.colcon_core.shell:Creating prefix util module '/home/cmoon/cmoon_ws/install/_local_setup_util_sh.py'
[1.154s] INFO:colcon.colcon_core.shell:Creating prefix chain script '/home/cmoon/cmoon_ws/install/setup.sh'
[1.155s] INFO:colcon.colcon_core.shell:Creating prefix script '/home/cmoon/cmoon_ws/install/local_setup.bash'
[1.155s] INFO:colcon.colcon_core.shell:Creating prefix chain script '/home/cmoon/cmoon_ws/install/setup.bash'
[1.156s] INFO:colcon.colcon_core.shell:Creating prefix script '/home/cmoon/cmoon_ws/install/local_setup.zsh'
[1.157s] INFO:colcon.colcon_core.shell:Creating prefix chain script '/home/cmoon/cmoon_ws/install/setup.zsh'
